
Presolving model
12750 rows, 930 cols, 26340 nonzeros
6840 rows, 930 cols, 14520 nonzeros
2909 rows, 930 cols, 12521 nonzeros
2909 rows, 930 cols, 12521 nonzeros
Objective function is integral with scale 1

Solving MIP model with:
   2909 rows
   930 cols (930 binary, 0 integer, 0 implied int., 0 continuous)
   12521 nonzeros

( 0.1s) Starting symmetry detection
( 0.1s) No symmetry present

Solving root node LP relaxation

        Nodes      |    B&B Tree     |            Objective Bounds              |  Dynamic Constraints |       Work      
     Proc. InQueue |  Leaves   Expl. | BestBound       BestSol              Gap |   Cuts   InLp Confl. | LpIters     Time

         0       0         0   0.00%   5               inf                  inf        0      0      0      4243     0.8s
 R       0       0         0   0.00%   5               21                76.19%       50      1      0      5426     1.1s
 L       0       0         0   0.00%   6               7                 14.29%      252     21      0     16695    13.0s
 T       0       0         0   0.00%   6               6                  0.00%      252     15      0     50521    13.6s

Solving report
  Status            Optimal
  Primal bound      6
  Dual bound        6
  Solution status   feasible
                    6 (objective)
                    0 (bound viol.)
                    0 (int. viol.)
                    0 (row viol.)
  Timing            13.62 (total)
                    0.09 (presolve)
                    0.00 (postsolve)
  Nodes             6
  LP iterations     54368 (total)
                    0 (strong br.)
                    12452 (separation)
                    33826 (heuristics)
