
Presolving model
44 rows, 10 cols, 88 nonzeros
22 rows, 10 cols, 44 nonzeros
11 rows, 10 cols, 30 nonzeros
11 rows, 9 cols, 26 nonzeros
Objective function is integral with scale 1

Solving MIP model with:
   11 rows
   9 cols (9 binary, 0 integer, 0 implied int., 0 continuous)
   26 nonzeros

( 0.0s) Starting symmetry detection
( 0.0s) No symmetry present

Solving root node LP relaxation

        Nodes      |    B&B Tree     |            Objective Bounds              |  Dynamic Constraints |       Work      
     Proc. InQueue |  Leaves   Expl. | BestBound       BestSol              Gap |   Cuts   InLp Confl. | LpIters     Time

 S       0       0         0   0.00%   -inf            0               9999.00%        0      0      0         0     0.0s
 H       0       0         0   0.00%   -3              -3                 0.00%       19      4      0        14     0.0s

Solving report
  Status            Optimal
  Primal bound      -3
  Dual bound        -3
  Solution status   feasible
                    3 (objective)
                    0 (bound viol.)
                    0 (int. viol.)
                    0 (row viol.)
  Timing            0.01 (total)
                    0.00 (presolve)
                    0.00 (postsolve)
  Nodes             1
  LP iterations     14 (total)
                    0 (strong br.)
                    4 (separation)
                    0 (heuristics)
